==============================================================
File generated by Vivado(TM) HLS - High-Level Synthesis from C, C++ and SystemC
Version: 2013.1
Copyright (C) 2013 Xilinx Inc. All rights reserved.

==============================================================

@I [SYN-201] Setting up clock with a period of 10ns.
@I [HLS-10] Setting target device to 'xc5vtx240tff1759-2'
@I [HLS-10] Importing test bench file 'src/simple_talk2ub_tb.cpp' ... 
@I [HLS-10] Analyzing design file 'src/talk2ub.cpp' ... 
@I [HLS-10] Validating synthesis directives ...
@I [HLS-10] Checking synthesizability ...
@I [HLS-10] Starting code transformations ...
@I [HLS-111] Elapsed time: 0.43 seconds; current memory usage: 23.9 MB.
@I [HLS-10] Starting hardware synthesis ...
@I [HLS-10] Synthesizing 'talk2ub' ...
@I [HLS-10] ----------------------------------------------------------------
@I [HLS-10] -- Scheduling module 'talk2ub' 
@I [HLS-10] ----------------------------------------------------------------
@I [SCHED-11] Starting scheduling ...
@I [SCHED-11] Finished scheduling.
@I [HLS-111] Elapsed time: 0 seconds; current memory usage: 24 MB.
@I [HLS-10] ----------------------------------------------------------------
@I [HLS-10] -- Exploring micro-architecture for module 'talk2ub' 
@I [HLS-10] ----------------------------------------------------------------
@I [BIND-100] Starting micro-architecture binding ...
@I [BIND-101] Performing variable lifetime analysis.
@I [BIND-101] Exploring resource sharing.
@I [BIND-101] Binding resource limited operations ...
@I [BIND-100] Finished micro-architecture binding.
@I [HLS-111] Elapsed time: 0.01 seconds; current memory usage: 24.2 MB.
@I [HLS-10] ----------------------------------------------------------------
@I [HLS-10] -- Generating RTL for module 'talk2ub' 
@I [HLS-10] ----------------------------------------------------------------
@I [RTGEN-500] Setting interface mode on port 'talk2ub/pross_pkts_cc' to 'ap_none'.
@I [RTGEN-500] Setting interface mode on port 'talk2ub/pross_pkts_ub' to 'ap_vld'.
@I [RTGEN-500] Setting interface mode on port 'talk2ub/protocol_selec_ub' to 'ap_none'.
@I [RTGEN-500] Setting interface mode on port 'talk2ub/protocol_selec_cc' to 'ap_none' (register).
@I [RTGEN-500] Setting interface mode on function 'talk2ub' to 'ap_ctrl_hs'.
@I [RTGEN-100] Finished creating RTL model for 'talk2ub'.
@I [HLS-111] Elapsed time: 0 seconds; current memory usage: 24.3 MB.
@I [WSYSC-301] Generating RTL SystemC for 'talk2ub'.
@I [WVHDL-304] Generating RTL VHDL for 'talk2ub'.
@I [WVLOG-307] Generating RTL Verilog for 'talk2ub'.
@I [HLS-10] Finished generating all RTL models.
@I [HLS-112] Total elapsed time: 1.956 seconds; peak memory usage: 24.3 MB.
